c:\users\asus\desktop\hanoi\hanoi\hanoi-tower 3.0\hanoi-tower\debug\hanoi-tower.pch
c:\users\asus\desktop\hanoi\hanoi\hanoi-tower 3.0\hanoi-tower\debug\vc141.pdb
c:\users\asus\desktop\hanoi\hanoi\hanoi-tower 3.0\hanoi-tower\debug\vc141.idb
c:\users\asus\desktop\hanoi\hanoi\hanoi-tower 3.0\hanoi-tower\debug\stdafx.obj
c:\users\asus\desktop\hanoi\hanoi\hanoi-tower 3.0\hanoi-tower\debug\hanoi.obj
c:\users\asus\desktop\hanoi\hanoi\hanoi-tower 3.0\hanoi-tower\debug\hanoi-towerdlg.obj
c:\users\asus\desktop\hanoi\hanoi\hanoi-tower 3.0\hanoi-tower\debug\hanoi-tower.obj
c:\users\asus\desktop\hanoi\hanoi\hanoi-tower 3.0\hanoi-tower\debug\cnewdlg.obj
c:\users\asus\desktop\hanoi\hanoi\hanoi-tower 3.0\debug\hanoi-tower.exe
c:\users\asus\desktop\hanoi\hanoi\hanoi-tower 3.0\debug\hanoi-tower.ilk
c:\users\asus\desktop\hanoi\hanoi\hanoi-tower 3.0\debug\hanoi-tower.pdb
c:\users\asus\desktop\hanoi\hanoi\hanoi-tower 3.0\hanoi-tower\debug\hanoitower.res
c:\users\asus\desktop\hanoi\hanoi\hanoi-tower 3.0\hanoi-tower\debug\hanoi-tower.tlog\cl.command.1.tlog
c:\users\asus\desktop\hanoi\hanoi\hanoi-tower 3.0\hanoi-tower\debug\hanoi-tower.tlog\cl.read.1.tlog
c:\users\asus\desktop\hanoi\hanoi\hanoi-tower 3.0\hanoi-tower\debug\hanoi-tower.tlog\cl.write.1.tlog
c:\users\asus\desktop\hanoi\hanoi\hanoi-tower 3.0\hanoi-tower\debug\hanoi-tower.tlog\link.command.1.tlog
c:\users\asus\desktop\hanoi\hanoi\hanoi-tower 3.0\hanoi-tower\debug\hanoi-tower.tlog\link.read.1.tlog
c:\users\asus\desktop\hanoi\hanoi\hanoi-tower 3.0\hanoi-tower\debug\hanoi-tower.tlog\link.write.1.tlog
c:\users\asus\desktop\hanoi\hanoi\hanoi-tower 3.0\hanoi-tower\debug\hanoi-tower.tlog\rc.command.1.tlog
c:\users\asus\desktop\hanoi\hanoi\hanoi-tower 3.0\hanoi-tower\debug\hanoi-tower.tlog\rc.read.1.tlog
c:\users\asus\desktop\hanoi\hanoi\hanoi-tower 3.0\hanoi-tower\debug\hanoi-tower.tlog\rc.write.1.tlog
